[    0.000000] Linux version 4.15.0-101-generic (buildd@lgw01-amd64-003) (gcc version 7.5.0 (Ubuntu 7.5.0-3ubuntu1~18.04)) #102-Ubuntu SMP Mon May 11 10:07:26 UTC 2020 (Ubuntu 4.15.0-101.102-generic 4.15.18)
[    0.000000] Command line: BOOT_IMAGE=/boot/vmlinuz-4.15.0-101-generic root=LABEL=cloudimg-rootfs ro console=tty1 console=ttyS0
[    0.000000] KERNEL supported cpus:
[    0.000000]   Intel GenuineIntel
[    0.000000]   AMD AuthenticAMD
[    0.000000]   Centaur CentaurHauls
[    0.000000] x86/fpu: Supporting XSAVE feature 0x001: 'x87 floating point registers'
[    0.000000] x86/fpu: Supporting XSAVE feature 0x002: 'SSE registers'
[    0.000000] x86/fpu: Supporting XSAVE feature 0x004: 'AVX registers'
[    0.000000] x86/fpu: xstate_offset[2]:  576, xstate_sizes[2]:  256
[    0.000000] x86/fpu: Enabled xstate features 0x7, context size is 832 bytes, using 'standard' format.
[    0.000000] e820: BIOS-provided physical RAM map:
[    0.000000] BIOS-e820: [mem 0x0000000000000000-0x000000000009fbff] usable
[    0.000000] BIOS-e820: [mem 0x000000000009fc00-0x000000000009ffff] reserved
[    0.000000] BIOS-e820: [mem 0x00000000000f0000-0x00000000000fffff] reserved
[    0.000000] BIOS-e820: [mem 0x0000000000100000-0x000000003ffeffff] usable
[    0.000000] BIOS-e820: [mem 0x000000003fff0000-0x000000003fffffff] ACPI data
[    0.000000] BIOS-e820: [mem 0x00000000fec00000-0x00000000fec00fff] reserved
[    0.000000] BIOS-e820: [mem 0x00000000fee00000-0x00000000fee00fff] reserved
[    0.000000] BIOS-e820: [mem 0x00000000fffc0000-0x00000000ffffffff] reserved
[    0.000000] NX (Execute Disable) protection: active
[    0.000000] SMBIOS 2.5 present.
[    0.000000] DMI: innotek GmbH VirtualBox/VirtualBox, BIOS VirtualBox 12/01/2006
[    0.000000] Hypervisor detected: KVM
[    0.000000] e820: last_pfn = 0x3fff0 max_arch_pfn = 0x400000000
[    0.000000] MTRR: Disabled
[    0.000000] x86/PAT: MTRRs disabled, skipping PAT initialization too.
[    0.000000] CPU MTRRs all blank - virtualized system.
[    0.000000] x86/PAT: Configuration [0-7]: WB  WT  UC- UC  WB  WT  UC- UC  
[    0.000000] found SMP MP-table at [mem 0x0009fff0-0x0009ffff]
[    0.000000] Scanning 1 areas for low memory corruption
[    0.000000] RAMDISK: [mem 0x35a6b000-0x36d2cfff]
[    0.000000] ACPI: Early table checksum verification disabled
[    0.000000] ACPI: RSDP 0x00000000000E0000 000024 (v02 VBOX  )
[    0.000000] ACPI: XSDT 0x000000003FFF0030 00003C (v01 VBOX   VBOXXSDT 00000001 ASL  00000061)
[    0.000000] ACPI: FACP 0x000000003FFF00F0 0000F4 (v04 VBOX   VBOXFACP 00000001 ASL  00000061)
[    0.000000] ACPI: DSDT 0x000000003FFF0470 002325 (v02 VBOX   VBOXBIOS 00000002 INTL 20100528)
[    0.000000] ACPI: FACS 0x000000003FFF0200 000040
[    0.000000] ACPI: FACS 0x000000003FFF0200 000040
[    0.000000] ACPI: APIC 0x000000003FFF0240 00005C (v02 VBOX   VBOXAPIC 00000001 ASL  00000061)
[    0.000000] ACPI: SSDT 0x000000003FFF02A0 0001CC (v01 VBOX   VBOXCPUT 00000002 INTL 20100528)
[    0.000000] No NUMA configuration found
[    0.000000] Faking a node at [mem 0x0000000000000000-0x000000003ffeffff]
[    0.000000] NODE_DATA(0) allocated [mem 0x3ffc5000-0x3ffeffff]
[    0.000000] kvm-clock: cpu 0, msr 0:3ff44001, primary cpu clock
[    0.000000] kvm-clock: Using msrs 4b564d01 and 4b564d00
[    0.000000] kvm-clock: using sched offset of 3282849602 cycles
[    0.000000] clocksource: kvm-clock: mask: 0xffffffffffffffff max_cycles: 0x1cd42e4dffb, max_idle_ns: 881590591483 ns
[    0.000000] Zone ranges:
[    0.000000]   DMA      [mem 0x0000000000001000-0x0000000000ffffff]
[    0.000000]   DMA32    [mem 0x0000000001000000-0x000000003ffeffff]
[    0.000000]   Normal   empty
[    0.000000]   Device   empty
[    0.000000] Movable zone start for each node
[    0.000000] Early memory node ranges
[    0.000000]   node   0: [mem 0x0000000000001000-0x000000000009efff]
[    0.000000]   node   0: [mem 0x0000000000100000-0x000000003ffeffff]
[    0.000000] Reserved but unavailable: 98 pages
[    0.000000] Initmem setup node 0 [mem 0x0000000000001000-0x000000003ffeffff]
[    0.000000] ACPI: PM-Timer IO Port: 0x4008
[    0.000000] IOAPIC[0]: apic_id 2, version 32, address 0xfec00000, GSI 0-23
[    0.000000] ACPI: INT_SRC_OVR (bus 0 bus_irq 0 global_irq 2 dfl dfl)
[    0.000000] ACPI: INT_SRC_OVR (bus 0 bus_irq 9 global_irq 9 low level)
[    0.000000] Using ACPI (MADT) for SMP configuration information
[    0.000000] smpboot: Allowing 2 CPUs, 0 hotplug CPUs
[    0.000000] PM: Registered nosave memory: [mem 0x00000000-0x00000fff]
[    0.000000] PM: Registered nosave memory: [mem 0x0009f000-0x0009ffff]
[    0.000000] PM: Registered nosave memory: [mem 0x000a0000-0x000effff]
[    0.000000] PM: Registered nosave memory: [mem 0x000f0000-0x000fffff]
[    0.000000] e820: [mem 0x40000000-0xfebfffff] available for PCI devices
[    0.000000] Booting paravirtualized kernel on KVM
[    0.000000] clocksource: refined-jiffies: mask: 0xffffffff max_cycles: 0xffffffff, max_idle_ns: 7645519600211568 ns
[    0.000000] random: get_random_bytes called from start_kernel+0x99/0x4fd with crng_init=0
[    0.000000] setup_percpu: NR_CPUS:8192 nr_cpumask_bits:2 nr_cpu_ids:2 nr_node_ids:1
[    0.000000] percpu: Embedded 45 pages/cpu s147456 r8192 d28672 u1048576
[    0.000000] PV qspinlock hash table entries: 256 (order: 0, 4096 bytes)
[    0.000000] Built 1 zonelists, mobility grouping on.  Total pages: 257913
[    0.000000] Policy zone: DMA32
[    0.000000] Kernel command line: BOOT_IMAGE=/boot/vmlinuz-4.15.0-101-generic root=LABEL=cloudimg-rootfs ro console=tty1 console=ttyS0
[    0.000000] Memory: 983060K/1048120K available (12300K kernel code, 2481K rwdata, 4268K rodata, 2432K init, 2712K bss, 65060K reserved, 0K cma-reserved)
[    0.000000] SLUB: HWalign=64, Order=0-3, MinObjects=0, CPUs=2, Nodes=1
[    0.000000] Kernel/User page tables isolation: enabled
[    0.000000] ftrace: allocating 39364 entries in 154 pages
[    0.004000] Hierarchical RCU implementation.
[    0.004000] 	RCU restricting CPUs from NR_CPUS=8192 to nr_cpu_ids=2.
[    0.004000] 	Tasks RCU enabled.
[    0.004000] RCU: Adjusting geometry for rcu_fanout_leaf=16, nr_cpu_ids=2
[    0.004000] NR_IRQS: 524544, nr_irqs: 440, preallocated irqs: 16
[    0.004000] Console: colour VGA+ 80x25
[    0.004000] console [tty1] enabled
[    0.004000] console [ttyS0] enabled
[    0.004000] ACPI: Core revision 20170831
[    0.004000] ACPI: 2 ACPI AML tables successfully acquired and loaded
[    0.004000] APIC: Switch to symmetric I/O mode setup
[    0.004000] x2apic enabled
[    0.004000] Switched APIC routing to physical x2apic.
[    0.004000] ..TIMER: vector=0x30 apic1=0 pin1=2 apic2=-1 pin2=-1
[    0.004003] tsc: Detected 2591.998 MHz processor
[    0.004759] Calibrating delay loop (skipped) preset value.. 5183.99 BogoMIPS (lpj=10367992)
[    0.005358] pid_max: default: 32768 minimum: 301
[    0.006130] Security Framework initialized
[    0.006816] Yama: becoming mindful.
[    0.008015] AppArmor: AppArmor initialized
[    0.009549] Dentry cache hash table entries: 131072 (order: 8, 1048576 bytes)
[    0.010722] Inode-cache hash table entries: 65536 (order: 7, 524288 bytes)
[    0.012007] Mount-cache hash table entries: 2048 (order: 2, 16384 bytes)
[    0.013086] Mountpoint-cache hash table entries: 2048 (order: 2, 16384 bytes)
[    0.014420] Last level iTLB entries: 4KB 64, 2MB 8, 4MB 8
[    0.015304] Last level dTLB entries: 4KB 64, 2MB 0, 4MB 0, 1GB 4
[    0.016002] Spectre V1 : Mitigation: usercopy/swapgs barriers and __user pointer sanitization
[    0.017351] Spectre V2 : Mitigation: Full generic retpoline
[    0.018236] Spectre V2 : Spectre v2 / SpectreRSB mitigation: Filling RSB on context switch
[    0.019547] Speculative Store Bypass: Vulnerable
[    0.020017] MDS: Mitigation: Clear CPU buffers
[    0.020854] Freeing SMP alternatives memory: 36K
[    0.130694] smpboot: CPU0: Intel(R) Core(TM) i7-9750H CPU @ 2.60GHz (family: 0x6, model: 0x9e, stepping: 0xa)
[    0.132000] Performance Events: unsupported p6 CPU model 158 no PMU driver, software events only.
[    0.132000] Hierarchical SRCU implementation.
[    0.132425] NMI watchdog: Perf event create on CPU 0 failed with -2
[    0.133403] NMI watchdog: Perf NMI watchdog permanently disabled
[    0.134367] smp: Bringing up secondary CPUs ...
[    0.135144] x86: Booting SMP configuration:
[    0.136001] .... node  #0, CPUs:      #1
[    0.004000] kvm-clock: cpu 1, msr 0:3ff44041, secondary cpu clock
[    0.140012] smp: Brought up 1 node, 2 CPUs
[    0.140668] smpboot: Max logical packages: 1
[    0.141357] smpboot: Total of 2 processors activated (10367.99 BogoMIPS)
[    0.142457] devtmpfs: initialized
[    0.142457] x86/mm: Memory block size: 128MB
[    0.144097] evm: security.selinux
[    0.144655] evm: security.SMACK64
[    0.145203] evm: security.SMACK64EXEC
[    0.145798] evm: security.SMACK64TRANSMUTE
[    0.146462] evm: security.SMACK64MMAP
[    0.147060] evm: security.apparmor
[    0.148001] evm: security.ima
[    0.148551] evm: security.capability
[    0.149457] clocksource: jiffies: mask: 0xffffffff max_cycles: 0xffffffff, max_idle_ns: 7645041785100000 ns
[    0.149511] futex hash table entries: 512 (order: 3, 32768 bytes)
[    0.152762] pinctrl core: initialized pinctrl subsystem
[    0.153656] RTC time: 17:36:26, date: 05/24/20
[    0.154457] NET: Registered protocol family 16
[    0.155213] audit: initializing netlink subsys (disabled)
[    0.156015] audit: type=2000 audit(1590341791.312:1): state=initialized audit_enabled=0 res=1
[    0.156082] cpuidle: using governor ladder
[    0.156668] cpuidle: using governor menu
[    0.157334] ACPI: bus type PCI registered
[    0.157980] acpiphp: ACPI Hot Plug PCI Controller Driver version: 0.5
[    0.160075] PCI: Using configuration type 1 for base access
[    0.160961] HugeTLB registered 2.00 MiB page size, pre-allocated 0 pages
[    0.164048] ACPI: Added _OSI(Module Device)
[    0.164744] ACPI: Added _OSI(Processor Device)
[    0.165458] ACPI: Added _OSI(3.0 _SCP Extensions)
[    0.166205] ACPI: Added _OSI(Processor Aggregator Device)
[    0.167070] ACPI: Added _OSI(Linux-Dell-Video)
[    0.167783] ACPI: Added _OSI(Linux-Lenovo-NV-HDMI-Audio)
[    0.168005] ACPI: Added _OSI(Linux-HPI-Hybrid-Graphics)
[    0.169359] ACPI: Executed 1 blocks of module-level executable AML code
[    0.173001] ACPI: Interpreter enabled
[    0.173613] ACPI: (supports S0 S5)
[    0.174177] ACPI: Using IOAPIC for interrupt routing
[    0.175113] PCI: Using host bridge windows from ACPI; if necessary, use "pci=nocrs" and report a bug
[    0.176149] ACPI: Enabled 2 GPEs in block 00 to 07
[    0.183032] ACPI: PCI Root Bridge [PCI0] (domain 0000 [bus 00-ff])
[    0.184008] acpi PNP0A03:00: _OSC: OS supports [ASPM ClockPM Segments MSI]
[    0.185544] acpi PNP0A03:00: _OSC: not requesting OS control; OS requires [ExtendedConfig ASPM ClockPM MSI]
[    0.187179] acpi PNP0A03:00: fail to add MMCONFIG information, can't access extended PCI configuration space under this bridge.
[    0.188383] PCI host bridge to bus 0000:00
[    0.189048] pci_bus 0000:00: root bus resource [io  0x0000-0x0cf7 window]
[    0.192002] pci_bus 0000:00: root bus resource [io  0x0d00-0xffff window]
[    0.193064] pci_bus 0000:00: root bus resource [mem 0x000a0000-0x000bffff window]
[    0.194231] pci_bus 0000:00: root bus resource [mem 0x40000000-0xfdffffff window]
[    0.195391] pci_bus 0000:00: root bus resource [bus 00-ff]
[    0.198031] pci 0000:00:01.1: legacy IDE quirk: reg 0x10: [io  0x01f0-0x01f7]
[    0.199111] pci 0000:00:01.1: legacy IDE quirk: reg 0x14: [io  0x03f6]
[    0.200001] pci 0000:00:01.1: legacy IDE quirk: reg 0x18: [io  0x0170-0x0177]
[    0.201205] pci 0000:00:01.1: legacy IDE quirk: reg 0x1c: [io  0x0376]
[    0.212873] pci 0000:00:07.0: quirk: [io  0x4000-0x403f] claimed by PIIX4 ACPI
[    0.214207] pci 0000:00:07.0: quirk: [io  0x4100-0x410f] claimed by PIIX4 SMB
[    0.220000] ACPI: PCI Interrupt Link [LNKA] (IRQs 5 9 10 *11)
[    0.221285] ACPI: PCI Interrupt Link [LNKB] (IRQs 5 9 *10 11)
[    0.222311] ACPI: PCI Interrupt Link [LNKC] (IRQs 5 *9 10 11)
[    0.223308] ACPI: PCI Interrupt Link [LNKD] (IRQs 5 9 10 *11)
[    0.224205] SCSI subsystem initialized
[    0.224847] pci 0000:00:02.0: vgaarb: setting as boot VGA device
[    0.224933] pci 0000:00:02.0: vgaarb: VGA device added: decodes=io+mem,owns=io+mem,locks=none
[    0.226229] pci 0000:00:02.0: vgaarb: bridge control possible
[    0.228001] vgaarb: loaded
[    0.228882] ACPI: bus type USB registered
[    0.229530] usbcore: registered new interface driver usbfs
[    0.230373] usbcore: registered new interface driver hub
[    0.231195] usbcore: registered new device driver usb
[    0.232093] EDAC MC: Ver: 3.0.0
[    0.232928] PCI: Using ACPI for IRQ routing
[    0.233157] NetLabel: Initializing
[    0.233712] NetLabel:  domain hash size = 128
[    0.236001] NetLabel:  protocols = UNLABELED CIPSOv4 CALIPSO
[    0.236876] NetLabel:  unlabeled traffic allowed by default
[    0.237739] clocksource: Switched to clocksource kvm-clock
[    0.244641] VFS: Disk quotas dquot_6.6.0
[    0.245925] VFS: Dquot-cache hash table entries: 512 (order 0, 4096 bytes)
[    0.247430] AppArmor: AppArmor Filesystem Enabled
[    0.248195] pnp: PnP ACPI init
[    0.249761] pnp: PnP ACPI: found 3 devices
[    0.257668] clocksource: acpi_pm: mask: 0xffffff max_cycles: 0xffffff, max_idle_ns: 2085701024 ns
[    0.259461] NET: Registered protocol family 2
[    0.260430] TCP established hash table entries: 8192 (order: 4, 65536 bytes)
[    0.262047] TCP bind hash table entries: 8192 (order: 5, 131072 bytes)
[    0.263736] TCP: Hash tables configured (established 8192 bind 8192)
[    0.264742] UDP hash table entries: 512 (order: 2, 16384 bytes)
[    0.265652] UDP-Lite hash table entries: 512 (order: 2, 16384 bytes)
[    0.266696] NET: Registered protocol family 1
[    0.267385] pci 0000:00:00.0: Limiting direct PCI/PCI transfers
[    0.268435] pci 0000:00:01.0: Activating ISA DMA hang workarounds
[    0.269409] pci 0000:00:02.0: Video device with shadowed ROM at [mem 0x000c0000-0x000dffff]
[    0.270796] Unpacking initramfs...
[    0.472598] Freeing initrd memory: 19208K
[    0.474008] clocksource: tsc: mask: 0xffffffffffffffff max_cycles: 0x255cb518234, max_idle_ns: 440795279333 ns
[    0.475898] platform rtc_cmos: registered platform RTC device (no PNP device found)
[    0.477264] Scanning for low memory corruption every 60 seconds
[    0.478938] Initialise system trusted keyrings
[    0.479704] Key type blacklist registered
[    0.480491] workingset: timestamp_bits=36 max_order=18 bucket_order=0
[    0.482550] zbud: loaded
[    0.483288] squashfs: version 4.0 (2009/01/31) Phillip Lougher
[    0.484343] fuse init (API version 7.26)
[    0.490030] Key type asymmetric registered
[    0.491015] Asymmetric key parser 'x509' registered
[    0.491807] Block layer SCSI generic (bsg) driver version 0.4 loaded (major 246)
[    0.493062] io scheduler noop registered
[    0.493699] io scheduler deadline registered
[    0.494399] io scheduler cfq registered (default)
[    0.495622] ACPI: AC Adapter [AC] (off-line)
[    0.496866] input: Power Button as /devices/LNXSYSTM:00/LNXPWRBN:00/input/input0
[    0.498085] ACPI: Power Button [PWRF]
[    0.498746] input: Sleep Button as /devices/LNXSYSTM:00/LNXSLPBN:00/input/input1
[    0.499930] ACPI: Sleep Button [SLPF]
[    0.501829] ACPI: Battery Slot [BAT0] (battery present)
[    0.502763] Serial: 8250/16550 driver, 32 ports, IRQ sharing enabled
[    0.524908] 00:02: ttyS0 at I/O 0x3f8 (irq = 4, base_baud = 115200) is a 16550A
[    0.529865] Linux agpgart interface v0.103
[    0.531514] loop: module loaded
[    0.532426] scsi host0: ata_piix
[    0.533021] scsi host1: ata_piix
[    0.533567] ata1: PATA max UDMA/33 cmd 0x1f0 ctl 0x3f6 bmdma 0xd000 irq 14
[    0.534607] ata2: PATA max UDMA/33 cmd 0x170 ctl 0x376 bmdma 0xd008 irq 15
[    0.535782] libphy: Fixed MDIO Bus: probed
[    0.536967] tun: Universal TUN/TAP device driver, 1.6
[    0.538250] PPP generic driver version 2.4.2
[    0.539088] ehci_hcd: USB 2.0 'Enhanced' Host Controller (EHCI) Driver
[    0.540160] ehci-pci: EHCI PCI platform driver
[    0.541128] ehci-platform: EHCI generic platform driver
[    0.541953] ohci_hcd: USB 1.1 'Open' Host Controller (OHCI) Driver
[    0.542911] ohci-pci: OHCI PCI platform driver
[    0.543625] ohci-platform: OHCI generic platform driver
[    0.544494] uhci_hcd: USB Universal Host Controller Interface driver
[    0.545483] i8042: PNP: PS/2 Controller [PNP0303:PS2K,PNP0f03:PS2M] at 0x60,0x64 irq 1,12
[    0.547106] serio: i8042 KBD port at 0x60,0x64 irq 1
[    0.547891] serio: i8042 AUX port at 0x60,0x64 irq 12
[    0.548801] mousedev: PS/2 mouse device common for all mice
[    0.550153] input: AT Translated Set 2 keyboard as /devices/platform/i8042/serio0/input/input2
[    0.551671] rtc_cmos rtc_cmos: rtc core: registered rtc_cmos as rtc0
[    0.552694] rtc_cmos rtc_cmos: alarms up to one day, 114 bytes nvram
[    0.553692] i2c /dev entries driver
[    0.554306] device-mapper: uevent: version 1.0.3
[    0.555080] device-mapper: ioctl: 4.37.0-ioctl (2017-09-20) initialised: dm-devel@redhat.com
[    0.556555] ledtrig-cpu: registered to indicate activity on CPUs
[    0.558008] NET: Registered protocol family 10
[    0.561288] Segment Routing with IPv6
[    0.561891] NET: Registered protocol family 17
[    0.562667] Key type dns_resolver registered
[    0.563586] mce: Using 0 MCE banks
[    0.564371] RAS: Correctable Errors collector initialized.
[    0.565342] sched_clock: Marking stable (564339252, 0)->(696948743, -132609491)
[    0.567142] registered taskstats version 1
[    0.567810] Loading compiled-in X.509 certificates
[    0.570096] Loaded X.509 cert 'Build time autogenerated kernel key: 81757e40860ca54b8a45e323b66799c03c91a344'
[    0.571727] zswap: loaded using pool lzo/zbud
[    0.575738] Key type big_key registered
[    0.577005] Key type trusted registered
[    0.578608] Key type encrypted registered
[    0.579264] AppArmor: AppArmor sha1 policy hashing enabled
[    0.580119] ima: No TPM chip found, activating TPM-bypass! (rc=-19)
[    0.581125] ima: Allocated hash algorithm: sha1
[    0.581851] evm: HMAC attrs: 0x1
[    0.582576]   Magic number: 4:183:644
[    0.583231] rtc_cmos rtc_cmos: setting system clock to 2020-05-24 17:36:27 UTC (1590341787)
[    0.584675] BIOS EDD facility v0.16 2004-Jun-25, 0 devices found
[    0.585669] EDD information not available.
[    0.717778] Freeing unused kernel image memory: 2432K
[    1.116450] Write protecting the kernel read-only data: 20480k
[    1.118799] Freeing unused kernel image memory: 2008K
[    1.120476] Freeing unused kernel image memory: 1876K
[    1.127289] x86/mm: Checked W+X mappings: passed, no W+X pages found.
[    1.128993] x86/mm: Checking user space page tables
[    1.135445] x86/mm: Checked W+X mappings: passed, no W+X pages found.
Loading, please wait...
starting version 237
[    1.182101] Fusion MPT base driver 3.04.20
[    1.183501] Copyright (c) 1999-2008 LSI Corporation
[    1.186795] e1000: Intel(R) PRO/1000 Network Driver - version 7.3.21-k8-NAPI
[    1.188124] e1000: Copyright (c) 1999-2006 Intel Corporation.
[    1.195888] Fusion MPT SPI Host driver 3.04.20
[    1.203478] AVX2 version of gcm_enc/dec engaged.
[    1.204557] AES CTR mode by8 optimization enabled
[    1.395786] input: ImExPS/2 Generic Explorer Mouse as /devices/platform/i8042/serio1/input/input4
[    1.570495] e1000 0000:00:03.0 eth0: (PCI:33MHz:32-bit) 02:b8:b0:53:1b:74
[    1.572090] e1000 0000:00:03.0 eth0: Intel(R) PRO/1000 Network Connection
[    1.574439] e1000 0000:00:03.0 enp0s3: renamed from eth0
[    1.574492] mptbase: ioc0: Initiating bringup
[    1.680699] ioc0: LSI53C1030 A0: Capabilities={Initiator}
[    1.923136] scsi host2: ioc0: LSI53C1030 A0, FwRev=00000000h, Ports=1, MaxQ=256, IRQ=20
[    2.093703] scsi 2:0:0:0: Direct-Access     VBOX     HARDDISK         1.0  PQ: 0 ANSI: 5
[    2.533475] scsi target2:0:0: Beginning Domain Validation
[    2.535705] scsi target2:0:0: Domain Validation skipping write tests
[    2.537187] scsi target2:0:0: Ending Domain Validation
[    2.538382] scsi target2:0:0: asynchronous
[    2.539558] scsi 2:0:1:0: Direct-Access     VBOX     HARDDISK         1.0  PQ: 0 ANSI: 5
[    3.024121] scsi target2:0:1: Beginning Domain Validation
[    3.027138] random: fast init done
[    3.028014] scsi target2:0:1: Domain Validation skipping write tests
[    3.029426] scsi target2:0:1: Ending Domain Validation
[    3.030880] scsi target2:0:1: asynchronous
[    3.035515] random: systemd-udevd: uninitialized urandom read (16 bytes read)
[    3.037152] random: systemd-udevd: uninitialized urandom read (16 bytes read)
[    3.037177] sd 2:0:0:0: Attached scsi generic sg0 type 0
[    3.038716] random: systemd-udevd: uninitialized urandom read (16 bytes read)
[    3.041638] sd 2:0:0:0: [sda] 20971520 512-byte logical blocks: (10.7 GB/10.0 GiB)
[    3.043398] sd 2:0:1:0: Attached scsi generic sg1 type 0
[    3.043430] sd 2:0:0:0: [sda] Write Protect is off
[    3.045782] sd 2:0:1:0: [sdb] 20480 512-byte logical blocks: (10.5 MB/10.0 MiB)
[    3.047517] sd 2:0:1:0: [sdb] Write Protect is off
[    3.048065] sd 2:0:0:0: [sda] Incomplete mode parameter data
[    3.050284] sd 2:0:0:0: [sda] Assuming drive cache: write through
[    3.051609] sd 2:0:1:0: [sdb] Incomplete mode parameter data
[    3.052825] sd 2:0:1:0: [sdb] Assuming drive cache: write through
[    3.054836]  sda: sda1
[    3.057082] sd 2:0:1:0: [sdb] Attached SCSI disk
[    3.057182] sd 2:0:0:0: [sda] Attached SCSI disk
Begin: Loading essential drivers ... [    4.396788] raid6: sse2x1   gen() 14371 MB/s
[    4.444261] raid6: sse2x1   xor() 10096 MB/s
[    4.492318] raid6: sse2x2   gen() 17793 MB/s
[    4.540250] raid6: sse2x2   xor() 12432 MB/s
[    4.588621] raid6: sse2x4   gen() 21342 MB/s
[    4.636785] raid6: sse2x4   xor() 13112 MB/s
[    4.684292] raid6: avx2x1   gen() 30101 MB/s
[    4.732323] raid6: avx2x1   xor() 21034 MB/s
[    4.781279] raid6: avx2x2   gen() 34170 MB/s
[    4.828338] raid6: avx2x2   xor() 22748 MB/s
[    4.881271] raid6: avx2x4   gen() 45565 MB/s
[    4.932281] raid6: avx2x4   xor() 26541 MB/s
[    4.933231] raid6: using algorithm avx2x4 gen() 45565 MB/s
[    4.934322] raid6: .... xor() 26541 MB/s, rmw enabled
[    4.935514] raid6: using avx2x2 recovery algorithm
[    4.937511] xor: automatically using best checksumming function   avx       
[    4.940292] async_tx: api initialized (async)
done.
Begin: Running /scripts/init-premount ... done.
Begin: Mounting root file system ... Begin: Running /scripts/local-top ... done.
Begin: Running /scripts/local-premount ... [    4.971298] Btrfs loaded, crc32c=crc32c-intel
Scanning for Btrfs filesystems
done.
Warning: fsck not present, so skipping root file system
[    4.987682] EXT4-fs (sda1): mounted filesystem with ordered data mode. Opts: (null)
done.
Begin: Running /scripts/local-bottom ... done.
Begin: Running /scripts/init-bottom ... done.
[    5.069889] ip_tables: (C) 2000-2006 Netfilter Core Team
[    5.074241] systemd[1]: systemd 237 running in system mode. (+PAM +AUDIT +SELINUX +IMA +APPARMOR +SMACK +SYSVINIT +UTMP +LIBCRYPTSETUP +GCRYPT +GNUTLS +ACL +XZ +LZ4 +SECCOMP +BLKID +ELFUTILS +KMOD -IDN2 +IDN -PCRE2 default-hierarchy=hybrid)
[    5.077625] systemd[1]: Detected virtualization oracle.
[    5.078461] systemd[1]: Detected architecture x86-64.

Welcome to [1mUbuntu 18.04.4 LTS[0m!

[    5.081908] systemd[1]: Set hostname to <ubuntu>.
[    5.084733] systemd[1]: Initializing machine ID from random generator.
[    5.085799] systemd[1]: Installed transient /etc/machine-id file.
[    5.204684] systemd[1]: Reached target User and Group Name Lookups.
[[0;32m  OK  [0m] Reached target User and Group Name Lookups.
[    5.207796] systemd[1]: Created slice User and Session Slice.
[[0;32m  OK  [0m] Created slice User and Session Slice.
[    5.209556] systemd[1]: Reached target System Time Synchronized.
[[0;32m  OK  [0m] Reached target System Time Synchronized.
[    5.211261] systemd[1]: Started Forward Password Requests to Wall Directory Watch.
[[0;32m  OK  [0m] Started Forward Password Requests to Wall Directory Watch.
[[0;32m  OK  [0m] Reached target Swap.
[[0;32m  OK  [0m] Created slice System Slice.
[[0;32m  OK  [0m] Listening on LVM2 poll daemon socket.
[[0;32m  OK  [0m] Listening on udev Control Socket.
[[0;32m  OK  [0m] Listening on Journal Socket (/dev/log).
[[0;32m  OK  [0m] Listening on /dev/initctl Compatibility Named Pipe.
[[0;32m  OK  [0m] Listening on udev Kernel Socket.
[[0;32m  OK  [0m] Listening on Device-mapper event daemon FIFOs.
[[0;32m  OK  [0m] Listening on Journal Socket.
         Mounting Huge Pages File System...
         Starting Load Kernel Modules...
         Starting Set the console keyboard layout...
         Mounting Kernel Debug File System...
         Starting udev Coldplug all Devices...
         Mounting POSIX Message Queue File System...
         Starting Uncomplicated firewall...
         Starting Remount Root and Kernel File Systems...
[    5.609562] Loading iSCSI transport class v2.0-870.
[    5.614504] iscsi: registered transport (tcp)
[[0;32m  OK  [0m] Listening on LVM2 metadata daemon socket.
         Starting Monitoring of LVM2 mirrors…ng dmeventd or progress polling...
         Starting Create list of required st…ce nodes for the current kernel...
[[0;32m  OK  [0m] Listening on Journal Audit Socket.
[[0;32m  OK  [0m] Created slice system-serial\x2dgetty.slice.
[[0;32m  OK  [0m] Listening on Network Service Netlink Socket.
[[0;32m  OK  [0m] Reached target Slices.
[[0;32m  OK  [0m] Listening on Syslog Socket.
         Starting Journal Service...
[    5.629598] iscsi: registered transport (iser)
[[0;32m  OK  [0m] Set up automount Arbitrary Executab…rmats File System Automount Point.
[[0;32m  OK  [0m] Mounted Huge Pages File System.
[[0;32m  OK  [0m] Started Load Kernel Modules.
[[0;32m  OK  [0m] Mounted Kernel Debug File System.
[[0;32m  OK  [0m] Mounted POSIX Message Queue File System.
[[0;32m  OK  [0m] Started Uncomplicated firewall.
[[0;32m  OK  [0m] Started Create list of required sta…vice nodes for the current kernel.
[[0;32m  OK  [0m] Started LVM2 metadata daemon.
         Starting Create Static Device Nodes in /dev...
         Mounting FUSE Control File System...
         Mounting Kernel Configuration File System...
         Starting Apply Kernel Variables...
[[0;32m  OK  [0m] Mounted FUSE Control File System.
[[0;32m  OK  [0m] Mounted Kernel Configuration File System.
[    5.703065] EXT4-fs (sda1): re-mounted. Opts: (null)
[[0;32m  OK  [0m] Started Remount Root and Kernel File Systems.
[[0;32m  OK  [0m] Started Journal Service.
[[0;32m  OK  [0m] Started udev Coldplug all Devices.
[[0;32m  OK  [0m] Started Monitoring of LVM2 mirrors,…sing dmeventd or progress polling.
[[0;32m  OK  [0m] Started Create Static Device Nodes in /dev.
[[0;32m  OK  [0m] Started Apply Kernel Variables.
         Starting Load/Save Random Seed...
         Starting udev Kernel Device Manager...
         Starting Flush Journal to Persistent Storage...
[[0;32m  OK  [0m] Started Set the console keyboard layout.
[[0;32m  OK  [0m] Started Load/Save Random Seed.
[[0;32m  OK  [0m] Reached target Local File Systems (Pre).
[[0;32m  OK  [0m] Reached target Local File Systems.
         Starting AppArmor initialization...
         Starting Set console font and keymap...
         Starting Tell Plymouth To Write Out Runtime Data...
         Starting Commit a transient machine-id on disk...
         Starting ebtables ruleset management...
[[0;32m  OK  [0m] Started udev Kernel Device Manager.
[[0;32m  OK  [0m] Started Dispatch Password Requests to Console Directory Watch.
[[0;32m  OK  [0m] Reached target Local Encrypted Volumes.
[[0;32m  OK  [0m] Started Set console font and keymap.
[[0;32m  OK  [0m] Started Tell Plymouth To Write Out Runtime Data.
[[0;32m  OK  [0m] Started Flush Journal to Persistent Storage.
[[0;32m  OK  [0m] Started Commit a transient machine-id on disk.
         Starting Create Volatile Files and Directories...
[[0;32m  OK  [0m] Started Create Volatile Files and Directories.
[[0;32m  OK  [0m] Started ebtables ruleset management.
         Starting Update UTMP about System Boot/Shutdown...
[[0;32m  OK  [0m] Started Update UTMP about System Boot/Shutdown.
[[0;32m  OK  [0m] Found device /dev/ttyS0.
[[0;32m  OK  [0m] Listening on Load/Save RF Kill Switch Status /dev/rfkill Watch.
[[0;32m  OK  [0m] Started AppArmor initialization.
         Starting Initial cloud-init job (pre-networking)...
[    7.012791] cloud-init[550]: Cloud-init v. 19.4-33-gbb4131a2-0ubuntu1~18.04.1 running 'init-local' at Sun, 24 May 2020 17:36:33 +0000. Up 6.79 seconds.
[[0;32m  OK  [0m] Started Initial cloud-init job (pre-networking).
[[0;32m  OK  [0m] Reached target Network (Pre).
         Starting Network Service...
[[0;32m  OK  [0m] Started Network Service.
         Starting Wait for Network to be Configured...
         Starting Network Name Resolution...
[[0;32m  OK  [0m] Started Network Name Resolution.
[[0;32m  OK  [0m] Reached target Network.
[[0;32m  OK  [0m] Reached target Host and Network Name Lookups.
[[0;32m  OK  [0m] Started Wait for Network to be Configured.
         Starting Initial cloud-init job (metadata service crawler)...
[    8.428790] cloud-init[671]: Cloud-init v. 19.4-33-gbb4131a2-0ubuntu1~18.04.1 running 'init' at Sun, 24 May 2020 17:36:35 +0000. Up 8.34 seconds.
[    8.440595] cloud-init[671]: ci-info: ++++++++++++++++++++++++++++++++++++++Net device info++++++++++++++++++++++++++++++++++++++
[    8.442084] cloud-init[671]: ci-info: +--------+------+----------------------------+---------------+--------+-------------------+
[    8.443551] cloud-init[671]: ci-info: | Device |  Up  |          Address           |      Mask     | Scope  |     Hw-Address    |
[    8.456159] cloud-init[671]: ci-info: +--------+------+----------------------------+---------------+--------+-------------------+
[    8.468125] cloud-init[671]: ci-info: | enp0s3 | True |         10.0.2.15          | 255.255.255.0 | global | 02:b8:b0:53:1b:74 |
[    8.469394] cloud-init[671]: ci-info: | enp0s3 | True | fe80::b8:b0ff:fe53:1b74/64 |       .       |  link  | 02:b8:b0:53:1b:74 |
[    8.470882] cloud-init[671]: ci-info: |   lo   | True |         127.0.0.1          |   255.0.0.0   |  host  |         .         |
[    8.472194] cloud-init[671]: ci-info: |   lo   | True |          ::1/128           |       .       |  host  |         .         |
[    8.473837] cloud-init[671]: ci-info: +--------+------+----------------------------+---------------+--------+-------------------+
[    8.475436] cloud-init[671]: ci-info: ++++++++++++++++++++++++++++Route IPv4 info+++++++++++++++++++++++++++++
[    8.477144] cloud-init[671]: ci-info: +-------+-------------+----------+-----------------+-----------+-------+
[    8.479596] cloud-init[671]: ci-info: | Route | Destination | Gateway  |     Genmask     | Interface | Flags |
[    8.481690] cloud-init[671]: ci-info: +-------+-------------+----------+-----------------+-----------+-------+
[    8.483282] cloud-init[671]: ci-info: |   0   |   0.0.0.0   | 10.0.2.2 |     0.0.0.0     |   enp0s3  |   UG  |
[    8.484851] cloud-init[671]: ci-info: |   1   |   10.0.2.0  | 0.0.0.0  |  255.255.255.0  |   enp0s3  |   U   |
[    8.486414] cloud-init[671]: ci-info: |   2   |   10.0.2.2  | 0.0.0.0  | 255.255.255.255 |   enp0s3  |   UH  |
[    8.487888] cloud-init[671]: ci-info: +-------+-------------+----------+-----------------+-----------+-------+
[    8.489015] cloud-init[671]: ci-info: +++++++++++++++++++Route IPv6 info+++++++++++++++++++
[    8.490462] cloud-init[671]: ci-info: +-------+-------------+---------+-----------+-------+
[    8.491602] cloud-init[671]: ci-info: | Route | Destination | Gateway | Interface | Flags |
[    8.493463] cloud-init[671]: ci-info: +-------+-------------+---------+-----------+-------+
[    8.494411] cloud-init[671]: ci-info: |   1   |  fe80::/64  |    ::   |   enp0s3  |   U   |
[    8.495707] cloud-init[671]: ci-info: |   3   |    local    |    ::   |   enp0s3  |   U   |
[    8.497945] cloud-init[671]: ci-info: |   4   |   ff00::/8  |    ::   |   enp0s3  |   U   |
[    8.508881] cloud-init[671]: ci-info: +-------+-------------+---------+-----------+-------+
[    8.934556] cloud-init[671]: Generating public/private rsa key pair.
[    8.944597] cloud-init[671]: Your identification has been saved in /etc/ssh/ssh_host_rsa_key.
[    8.960377] cloud-init[671]: Your public key has been saved in /etc/ssh/ssh_host_rsa_key.pub.
[[    8.982148] cloud-init[671]: The key fingerprint is:
[    8.982408] cloud-init[671]: SHA256:iJD9PmpN3WZEpO4pMm4uz3aQaQsd5uQ7ipW+SI+7yFE root@ubuntu-bionic
[    8.982591] cloud-init[671]: The key's randomart image is:
[    8.982790] cloud-init[671]: +---[RSA 2048]----+
[    8.982960] cloud-init[671]: |         ..      |
[    8.983132] cloud-init[671]: |   o     ..      |
[    8.983241] cloud-init[671]: |  o .   ..       |
[    8.983349] cloud-init[671]: |   .+o o  .      |
[    8.983515] cloud-init[671]: |   E.+o.So       |
[    8.983627] cloud-init[671]: |  o.O.....+      |
[    8.983801] cloud-init[671]: | oooo*+ oo       |
[0;32m  OK  [0m] Started Initial cloud-init job (metadata service crawler).
[[0;32m  OK  [0m] Reached target Network is Online.
[    8.984312] [[0;32m  OK  [0m] Reached target Remote File Systems (Pre).
[[0;32m  OK  [0m] Reached target Remote File Systems.
cloud-init[671]: |+==oB+oo         |
         Starting Availability of block devices...
[[0;32m  OK  [0m] Reached target Cloud-config availability.
[[0;32m  OK  [0m] Reached target System Initialization.
[[0;32m  OK  [0m] Listening on Open-iSCSI iscsid Socket.
[    9.010958] cloud-init[671]: |+=*@*o           |
         [    9.076765] cloud-init[671]: +----[SHA256]-----+
Starting Socket activation for snappy daemon.
[    9.076885] cloud-init[671]: Generating public/private dsa key pair.
[    9.088747] cloud-init[671]: Your identification has been saved in /etc/ssh/ssh_host_dsa_key.
[[    9.096486] cloud-init[671]: Your public key has been saved in /etc/ssh/ssh_host_dsa_key.pub.
[    9.096541] cloud-init[671]: The key fingerprint is:
[    9.096678] cloud-init[671]: SHA256:FN4PUmrSdW5iNtssRNYdkeBXPYCFzCPmpBCAZ1ytDQM root@ubuntu-bionic
[    9.096715] cloud-init[671]: The key's randomart image is:
[    9.096748] cloud-init[671]: +---[DSA 1024]----+
[    9.096987] cloud-init[671]: |  oE+oo . B.*=++o|
[    9.097033] cloud-init[671]: | . + + + % X. oo.|
[    9.097165] cloud-init[671]: |  o   B % X = . .|
[    9.097202] cloud-init[671]: |     . * * X .   |
[    9.097288] cloud-init[671]: |        S o +    |
[    9.097420] cloud-init[671]: |           .     |
[    9.097455] cloud-init[671]: |                 |
[    9.097561] cloud-init[671]: |                 |
[    9.097595] cloud-init[671]: |                 |
[    9.097710] cloud-init[671]: +----[SHA256]-----+
[    9.097742] cloud-init[671]: Generating public/private ecdsa key pair.
[    9.097863] cloud-init[671]: Your identification has been saved in /etc/ssh/ssh_host_ecdsa_key.
[    9.097989] cloud-init[671]: Your public key has been saved in /etc/ssh/ssh_host_ecdsa_key.pub.
[    9.098059] cloud-init[671]: The key fingerprint is:
[    9.098096] cloud-init[671]: SHA256:aKEm/W5aridGsJpSPGsVDMCOrQb86yywAjfqF+Dy1vU root@ubuntu-bionic
[    9.098810] cloud-init[671]: The key's randomart image is:
[    9.099453] cloud-init[671]: +---[ECDSA 256]---+
[    9.100529] cloud-init[671]: |o.               |
[    9.100611] cloud-init[671]: | ..              |
[    9.100644] cloud-init[671]: |+. o  .          |
[    9.100728] cloud-init[671]: |o+o.o. o         |
[    9.100763] cloud-init[671]: |oo+o+.o S        |
[    9.101332] cloud-init[671]: |=oB=oo.          |
[    9.101379] cloud-init[671]: |=O Bo.o.         |
[    9.102057] cloud-init[671]: |B.*o++o E        |
[    9.102678] cloud-init[671]: |++++o*o          |
[    9.103284] cloud-init[671]: +----[SHA256]-----+
[0;32m  OK  [0m] Listening on D-Bus System Message Bus Socket.
[[0;32m  OK  [0m] Started Discard unused blocks once a week.
[[0;32m  OK  [0m] Started Message of the Day.
[    9.103910] cloud-init[671]: Generating public/private ed25519 key pair.
[[0;32m  OK  [0m] Started ACPI Events Check.
[[0;32m  OK  [0m] Reached target Paths.
[[0;32m  OK  [0m] Listening on UUID daemon activation socket.
[[0;32m  OK  [0m] Started Daily apt download activities.
[[0;32m  OK  [0m] Started Daily apt upgrade and clean activities.
[[0;32m  OK  [0m] Listening on ACPID Listen Socket.
[    9.129430] cloud-init[671]: Your identification has been saved in /etc/ssh/ssh_host_ed25519_key.
[    9.133655] cloud-init[671]: Your public key has been saved in /etc/ssh/ssh_host_ed25519_key.pub.
[    9.135008] cloud-init[671]: The key fingerprint is:
[    9.135791] cloud-init[671]: SHA256:SQbslg66mqFMZz+5TbY/s/7+OEAaIdW/rcty7Tao4Ag root@ubuntu-bionic
[    9.137314] cloud-init[671]: The key's randomart image is:
[    9.138138] cloud-init[671]: +--[ED25519 256]--+
         Starting LXD - unix socket.
[[0;32m  OK  [0m] Started Daily Cleanup of Temporary Directories.
[[0;32m  OK  [0m] Reached target Timers.
[[0;32m  OK  [0m] Started Availability of block devices.
[[0;32m  OK  [0m] Listening on Socket activation for snappy daemon.
[[0;32m  OK  [0m] Listening on LXD - unix socket.
[[0;32m  OK  [0m] Reached target Sockets.
[[0;32m  OK  [0m] Reached target Basic System.
         Starting Permit User Sessions...
         Starting LSB: Record successful boot for GRUB...
[    9.142363] cloud-init[671]: |     .o..        |
[    9.159277] cloud-init[671]: |     ..o .       |
[    9.159725] cloud-init[671]: |     ...+ .      |
[    9.160185] cloud-init[671]: |    . ++ o .     |
[    9.160994] cloud-init[671]: |   . +  S   o    |
[    9.161793] cloud-init[671]: |  .   .. . . .   |
[    9.162782] cloud-init[671]: |.. E  .+  . +    |
[    9.176226] cloud-init[671]: |+o+ oo* o+.=.+   |
[[0;32m  OK  [0m] Started Regular background program processing daemon.
[    9.177125] cloud-init[671]: |+o   +o+o=X**o.  |
[[0;32m  OK  [0m] Started FUSE filesystem for LXC.
[    9.204860] cloud-init[671]: +----[SHA256]-----+
[[0;32m  OK  [0m] Started irqbalance daemon.
         Starting Login Service...
         Starting Virtualbox guest utils...
[[0;32m  OK  [0m] Started Deferred execution scheduler.
         Starting Accounts Service...
         Starting System Logging Service...
         Starting LSB: automatic crash report generation...
[[0;32m  OK  [0m] Started D-Bus System Message Bus.
         Starting Pollinate to seed the pseudo random number generator...
         Starting Dispatcher daemon for systemd-networkd...
         Starting LXD - container startup/shutdown...
         Starting Snappy daemon...
[[0;32m  OK  [0m] Started System Logging Service.
[[0;32m  OK  [0m] Started Permit User Sessions.
[[0;32m  OK  [0m] Started LXD - container startup/shutdown.
[[0;32m  OK  [0m] Started Login Service.
         Starting Authorization Manager...
[[0;32m  OK  [0m] Started Unattended Upgrades Shutdown.
         Starting Terminate Plymouth Boot Screen...
         Starting Hold until boot process finishes up...
[[0;32m  OK  [0m] Started Terminate Plymouth Boot Screen.
[[0;32m  OK  [0m] Started Hold until boot process finishes up.
         Starting Set console scheme...
[[0;32m  OK  [0m] Started Serial Getty on ttyS0.
[[0;32m  OK  [0m] Started LSB: automatic crash report generation.
[[0;32m  OK  [0m] Started LSB: Record successful boot for GRUB.
[[0;32m  OK  [0m] Started Set console scheme.
[[0;32m  OK  [0m] Created slice system-getty.slice.
[[0;32m  OK  [0m] Started Getty on tty1.
[[0;32m  OK  [0m] Reached target Login Prompts.
[[0;32m  OK  [0m] Started Virtualbox guest utils.
[[0;32m  OK  [0m] Started Authorization Manager.
[[0;32m  OK  [0m] Started Accounts Service.
[[0;32m  OK  [0m] Started Dispatcher daemon for systemd-networkd.
[[0;32m  OK  [0m] Started Snappy daemon.
         Starting Wait until snapd is fully seeded...
[[0;32m  OK  [0m] Started Pollinate to seed the pseudo random number generator.
         Starting OpenBSD Secure Shell server...
[[0;32m  OK  [0m] Started OpenBSD Secure Shell server.
[[0;32m  OK  [0m] Started Wait until snapd is fully seeded.
         Starting Apply the settings specified in cloud-config...
[[0;32m  OK  [0m] Reached target Multi-User System.
[[0;32m  OK  [0m] Reached target Graphical Interface.
         Starting Update UTMP about System Runlevel Changes...
[[0;32m  OK  [0m] Started Update UTMP about System Runlevel Changes.
[[0;32m  OK  [0m] Created slice User Slice of vagrant.
         Starting User Manager for UID 1000...
[[0;32m  OK  [0m] Started Session 1 of user vagrant.
[[0;32m  OK  [0m] Started User Manager for UID 1000.
[   13.065807] cloud-init[1295]: Cloud-init v. 19.4-33-gbb4131a2-0ubuntu1~18.04.1 running 'modules:config' at Sun, 24 May 2020 17:36:39 +0000. Up 12.72 seconds.
[[0;32m  OK  [0m] Started Apply the settings specified in cloud-config.
         Starting Execute cloud user/final scripts...
ci-info: no authorized SSH keys fingerprints found for user ubuntu.
<14>May 24 17:36:40 ec2: 
<14>May 24 17:36:40 ec2: #############################################################
<14>May 24 17:36:40 ec2: -----BEGIN SSH HOST KEY FINGERPRINTS-----
<14>May 24 17:36:40 ec2: 1024 SHA256:FN4PUmrSdW5iNtssRNYdkeBXPYCFzCPmpBCAZ1ytDQM root@ubuntu-bionic (DSA)
<14>May 24 17:36:40 ec2: 256 SHA256:aKEm/W5aridGsJpSPGsVDMCOrQb86yywAjfqF+Dy1vU root@ubuntu-bionic (ECDSA)
<14>May 24 17:36:40 ec2: 256 SHA256:SQbslg66mqFMZz+5TbY/s/7+OEAaIdW/rcty7Tao4Ag root@ubuntu-bionic (ED25519)
<14>May 24 17:36:40 ec2: 2048 SHA256:iJD9PmpN3WZEpO4pMm4uz3aQaQsd5uQ7ipW+SI+7yFE root@ubuntu-bionic (RSA)
<14>May 24 17:36:40 ec2: -----END SSH HOST KEY FINGERPRINTS-----
<14>May 24 17:36:40 ec2: #############################################################
-----BEGIN SSH HOST KEY KEYS-----
ecdsa-sha2-nistp256 AAAAE2VjZHNhLXNoYTItbmlzdHAyNTYAAAAIbmlzdHAyNTYAAABBBNpxAj1PzoIE+5ElM9TxJnP6i3HbjkINW1sE1eQ1MyUjp8NRPXaFab5iY46Bxa4FWiWJECYxO3gMCTW2RS4Wtec= root@ubuntu-bionic
ssh-ed25519 AAAAC3NzaC1lZDI1NTE5AAAAIBAoFCnEph0khXzlYDLQNpAubzFrWVR6lMImIC9JyXpV root@ubuntu-bionic
ssh-rsa AAAAB3NzaC1yc2EAAAADAQABAAABAQDl3Gbu9DCmIQLVcOe37NwTIBsZCjv9xeIZtaQobXIMyi1EE4IoqiOG+rnKn8YF0QBYA4tHWRE3mfxOR8Tp3qrqiF2Fdbukgs/YP0dAxmv6KvwZj59AQLuBw4ImTO0AHudQelYvUf9OokSM/v4qc/erHyn5DzqBLn2lbDlYmuF7ge7olwkAYFoikxTuDOuuEmc2AeaCkxnxFDWlF7g8IZGRjL/Bulm0cMrq4NVuV3IGie/vkLva6Roj4cui6DBHchOIpmo5DA//GSs03wm8rZX6x8wg2WCkR+2tYxNmm4JBnHxsyrLIAkSiGKGktMRRhR3SfpSXUTKDfle8y85tQ7eT root@ubuntu-bionic
-----END SSH HOST KEY KEYS-----
[   13.529146] cloud-init[1418]: Cloud-init v. 19.4-33-gbb4131a2-0ubuntu1~18.04.1 running 'modules:final' at Sun, 24 May 2020 17:36:40 +0000. Up 13.38 seconds.
[   13.530095] cloud-init[1418]: ci-info: no authorized SSH keys fingerprints found for user ubuntu.
[   13.531363] cloud-init[1418]: Cloud-init v. 19.4-33-gbb4131a2-0ubuntu1~18.04.1 finished at Sun, 24 May 2020 17:36:40 +0000. Datasource DataSourceNoCloud [seed=/dev/sdb][dsmode=net].  Up 13.51 seconds
[[0;32m  OK  [0m] Started Execute cloud user/final scripts.
[[0;32m  OK  [0m] Reached target Cloud-init target.

Ubuntu 18.04.4 LTS ubuntu-bionic ttyS0

ubuntu-bionic login: 